<?xml version="1.0" encoding="UTF-8"?>
<!-- Generated by org.testng.reporters.JUnitReportReporter -->
<testsuite skipped="0" hostname="Diana" name="com.bb.qa.testcases.MainTest" tests="3" failures="0" timestamp="26 sep 2018 23:50:56 GMT" time="86.596" errors="0">
  <testcase name="verifyMainPageTitle" time="20.156" classname="com.bb.qa.testcases.MainTest"/>
  <testcase name="goLoginPage" time="34.538" classname="com.bb.qa.testcases.MainTest"/>
  <testcase name="goToCreateAccountPage" time="31.902" classname="com.bb.qa.testcases.MainTest"/>
</testsuite> <!-- com.bb.qa.testcases.MainTest -->
