<?xml version="1.0" encoding="UTF-8"?>
<!-- Generated by org.testng.reporters.JUnitReportReporter -->
<testsuite skipped="0" hostname="Diana" name="com.bb.qa.testcases.LoginTest" tests="2" failures="0" timestamp="26 sep 2018 23:50:56 GMT" time="67.184" errors="0">
  <testcase name="verifyLoginPageTitle" time="30.136" classname="com.bb.qa.testcases.LoginTest"/>
  <testcase name="loginHomePage" time="37.048" classname="com.bb.qa.testcases.LoginTest"/>
</testsuite> <!-- com.bb.qa.testcases.LoginTest -->
