<?xml version="1.0" encoding="UTF-8"?>
<!-- Generated by org.testng.reporters.JUnitReportReporter -->
<testsuite skipped="0" hostname="Diana" name="com.bb.qa.testcases.CreateAccountTest" tests="6" failures="0" timestamp="26 sep 2018 23:50:56 GMT" time="214.215" errors="0">
  <testcase name="verifyCreateAccountPageDisplayed" time="34.488" classname="com.bb.qa.testcases.CreateAccountTest"/>
  <testcase name="verifyErrorMsg" time="35.889" classname="com.bb.qa.testcases.CreateAccountTest"/>
  <testcase name="verifyPassMatchMsg" time="31.460" classname="com.bb.qa.testcases.CreateAccountTest"/>
  <testcase name="verifyNotPassMatchMsg" time="34.108" classname="com.bb.qa.testcases.CreateAccountTest"/>
  <testcase name="verifyExistAccountMsgError" time="39.104" classname="com.bb.qa.testcases.CreateAccountTest"/>
  <testcase name="createAccount" time="39.166" classname="com.bb.qa.testcases.CreateAccountTest"/>
</testsuite> <!-- com.bb.qa.testcases.CreateAccountTest -->
